
wb_port.elf:     file format elf32-littleriscv


Disassembly of section .text:

10000000 <_ftext>:
10000000:	0b00006f          	j	100000b0 <crt_init>
10000004:	00000013          	nop
10000008:	00000013          	nop
1000000c:	00000013          	nop
10000010:	00000013          	nop
10000014:	00000013          	nop
10000018:	00000013          	nop
1000001c:	00000013          	nop

10000020 <trap_entry>:
10000020:	fe112e23          	sw	ra,-4(sp)
10000024:	fe512c23          	sw	t0,-8(sp)
10000028:	fe612a23          	sw	t1,-12(sp)
1000002c:	fe712823          	sw	t2,-16(sp)
10000030:	fea12623          	sw	a0,-20(sp)
10000034:	feb12423          	sw	a1,-24(sp)
10000038:	fec12223          	sw	a2,-28(sp)
1000003c:	fed12023          	sw	a3,-32(sp)
10000040:	fce12e23          	sw	a4,-36(sp)
10000044:	fcf12c23          	sw	a5,-40(sp)
10000048:	fd012a23          	sw	a6,-44(sp)
1000004c:	fd112823          	sw	a7,-48(sp)
10000050:	fdc12623          	sw	t3,-52(sp)
10000054:	fdd12423          	sw	t4,-56(sp)
10000058:	fde12223          	sw	t5,-60(sp)
1000005c:	fdf12023          	sw	t6,-64(sp)
10000060:	fc010113          	addi	sp,sp,-64
10000064:	110000ef          	jal	ra,10000174 <isr>
10000068:	03c12083          	lw	ra,60(sp)
1000006c:	03812283          	lw	t0,56(sp)
10000070:	03412303          	lw	t1,52(sp)
10000074:	03012383          	lw	t2,48(sp)
10000078:	02c12503          	lw	a0,44(sp)
1000007c:	02812583          	lw	a1,40(sp)
10000080:	02412603          	lw	a2,36(sp)
10000084:	02012683          	lw	a3,32(sp)
10000088:	01c12703          	lw	a4,28(sp)
1000008c:	01812783          	lw	a5,24(sp)
10000090:	01412803          	lw	a6,20(sp)
10000094:	01012883          	lw	a7,16(sp)
10000098:	00c12e03          	lw	t3,12(sp)
1000009c:	00812e83          	lw	t4,8(sp)
100000a0:	00412f03          	lw	t5,4(sp)
100000a4:	00012f83          	lw	t6,0(sp)
100000a8:	04010113          	addi	sp,sp,64
100000ac:	30200073          	mret

100000b0 <crt_init>:
100000b0:	60000113          	li	sp,1536
100000b4:	00000517          	auipc	a0,0x0
100000b8:	f6c50513          	addi	a0,a0,-148 # 10000020 <trap_entry>
100000bc:	30551073          	csrw	mtvec,a0

100000c0 <data_init>:
100000c0:	00000513          	li	a0,0
100000c4:	00000593          	li	a1,0
100000c8:	00000617          	auipc	a2,0x0
100000cc:	54060613          	addi	a2,a2,1344 # 10000608 <_erodata>

100000d0 <data_loop>:
100000d0:	00b50c63          	beq	a0,a1,100000e8 <bss_init>
100000d4:	00062683          	lw	a3,0(a2)
100000d8:	00d52023          	sw	a3,0(a0)
100000dc:	00450513          	addi	a0,a0,4
100000e0:	00460613          	addi	a2,a2,4
100000e4:	fedff06f          	j	100000d0 <data_loop>

100000e8 <bss_init>:
100000e8:	00000513          	li	a0,0
100000ec:	00800593          	li	a1,8

100000f0 <bss_loop>:
100000f0:	00b50863          	beq	a0,a1,10000100 <bss_done>
100000f4:	00052023          	sw	zero,0(a0)
100000f8:	00450513          	addi	a0,a0,4
100000fc:	ff5ff06f          	j	100000f0 <bss_loop>

10000100 <bss_done>:
10000100:	00001537          	lui	a0,0x1
10000104:	88050513          	addi	a0,a0,-1920 # 880 <_fstack+0x280>
10000108:	30451073          	csrw	mie,a0
1000010c:	1b0000ef          	jal	ra,100002bc <main>

10000110 <infinit_loop>:
10000110:	0000006f          	j	10000110 <infinit_loop>

10000114 <flush_cpu_icache>:
10000114:	ff010113          	addi	sp,sp,-16
10000118:	00812623          	sw	s0,12(sp)
1000011c:	01010413          	addi	s0,sp,16
10000120:	00000013          	nop
10000124:	00c12403          	lw	s0,12(sp)
10000128:	01010113          	addi	sp,sp,16
1000012c:	00008067          	ret

10000130 <flush_cpu_dcache>:
10000130:	ff010113          	addi	sp,sp,-16
10000134:	00812623          	sw	s0,12(sp)
10000138:	01010413          	addi	s0,sp,16
1000013c:	00000013          	nop
10000140:	00c12403          	lw	s0,12(sp)
10000144:	01010113          	addi	sp,sp,16
10000148:	00008067          	ret

1000014c <irq_setmask>:
1000014c:	fe010113          	addi	sp,sp,-32
10000150:	00812e23          	sw	s0,28(sp)
10000154:	02010413          	addi	s0,sp,32
10000158:	fea42623          	sw	a0,-20(s0)
1000015c:	fec42783          	lw	a5,-20(s0)
10000160:	bc079073          	csrw	0xbc0,a5
10000164:	00000013          	nop
10000168:	01c12403          	lw	s0,28(sp)
1000016c:	02010113          	addi	sp,sp,32
10000170:	00008067          	ret

10000174 <isr>:
10000174:	ff010113          	addi	sp,sp,-16
10000178:	00112623          	sw	ra,12(sp)
1000017c:	00812423          	sw	s0,8(sp)
10000180:	01010413          	addi	s0,sp,16
10000184:	00000513          	li	a0,0
10000188:	fc5ff0ef          	jal	ra,1000014c <irq_setmask>
1000018c:	f00037b7          	lui	a5,0xf0003
10000190:	03878793          	addi	a5,a5,56 # f0003038 <_erodata+0xe0002a30>
10000194:	00a00713          	li	a4,10
10000198:	00e7a023          	sw	a4,0(a5)
1000019c:	f00037b7          	lui	a5,0xf0003
100001a0:	03c78793          	addi	a5,a5,60 # f000303c <_erodata+0xe0002a34>
100001a4:	00020737          	lui	a4,0x20
100001a8:	00e7a023          	sw	a4,0(a5)
100001ac:	00100713          	li	a4,1
100001b0:	00e01023          	sh	a4,0(zero) # 0 <flag>
100001b4:	00000013          	nop
100001b8:	00c12083          	lw	ra,12(sp)
100001bc:	00812403          	lw	s0,8(sp)
100001c0:	01010113          	addi	sp,sp,16
100001c4:	00008067          	ret

100001c8 <flush_cpu_icache>:
100001c8:	ff010113          	addi	sp,sp,-16
100001cc:	00812623          	sw	s0,12(sp)
100001d0:	01010413          	addi	s0,sp,16
100001d4:	00000013          	nop
100001d8:	00c12403          	lw	s0,12(sp)
100001dc:	01010113          	addi	sp,sp,16
100001e0:	00008067          	ret

100001e4 <flush_cpu_dcache>:
100001e4:	ff010113          	addi	sp,sp,-16
100001e8:	00812623          	sw	s0,12(sp)
100001ec:	01010413          	addi	s0,sp,16
100001f0:	00000013          	nop
100001f4:	00c12403          	lw	s0,12(sp)
100001f8:	01010113          	addi	sp,sp,16
100001fc:	00008067          	ret

10000200 <putchar>:
10000200:	fe010113          	addi	sp,sp,-32
10000204:	00112e23          	sw	ra,28(sp)
10000208:	00812c23          	sw	s0,24(sp)
1000020c:	02010413          	addi	s0,sp,32
10000210:	00050793          	mv	a5,a0
10000214:	fef407a3          	sb	a5,-17(s0)
10000218:	fef44703          	lbu	a4,-17(s0)
1000021c:	00a00793          	li	a5,10
10000220:	00f71663          	bne	a4,a5,1000022c <putchar+0x2c>
10000224:	00d00513          	li	a0,13
10000228:	fd9ff0ef          	jal	ra,10000200 <putchar>
1000022c:	00000013          	nop
10000230:	f00067b7          	lui	a5,0xf0006
10000234:	80478793          	addi	a5,a5,-2044 # f0005804 <_erodata+0xe00051fc>
10000238:	0007a703          	lw	a4,0(a5)
1000023c:	00100793          	li	a5,1
10000240:	fef708e3          	beq	a4,a5,10000230 <putchar+0x30>
10000244:	f00067b7          	lui	a5,0xf0006
10000248:	80078793          	addi	a5,a5,-2048 # f0005800 <_erodata+0xe00051f8>
1000024c:	fef44703          	lbu	a4,-17(s0)
10000250:	00e7a023          	sw	a4,0(a5)
10000254:	00000013          	nop
10000258:	01c12083          	lw	ra,28(sp)
1000025c:	01812403          	lw	s0,24(sp)
10000260:	02010113          	addi	sp,sp,32
10000264:	00008067          	ret

10000268 <print>:
10000268:	fe010113          	addi	sp,sp,-32
1000026c:	00112e23          	sw	ra,28(sp)
10000270:	00812c23          	sw	s0,24(sp)
10000274:	02010413          	addi	s0,sp,32
10000278:	fea42623          	sw	a0,-20(s0)
1000027c:	01c0006f          	j	10000298 <print+0x30>
10000280:	fec42783          	lw	a5,-20(s0)
10000284:	00178713          	addi	a4,a5,1
10000288:	fee42623          	sw	a4,-20(s0)
1000028c:	0007c783          	lbu	a5,0(a5)
10000290:	00078513          	mv	a0,a5
10000294:	f6dff0ef          	jal	ra,10000200 <putchar>
10000298:	fec42783          	lw	a5,-20(s0)
1000029c:	0007c783          	lbu	a5,0(a5)
100002a0:	fe0790e3          	bnez	a5,10000280 <print+0x18>
100002a4:	00000013          	nop
100002a8:	00000013          	nop
100002ac:	01c12083          	lw	ra,28(sp)
100002b0:	01812403          	lw	s0,24(sp)
100002b4:	02010113          	addi	sp,sp,32
100002b8:	00008067          	ret

100002bc <main>:
100002bc:	ff010113          	addi	sp,sp,-16
100002c0:	00812623          	sw	s0,12(sp)
100002c4:	01010413          	addi	s0,sp,16
100002c8:	f00047b7          	lui	a5,0xf0004
100002cc:	00100713          	li	a4,1
100002d0:	00e7a023          	sw	a4,0(a5) # f0004000 <_erodata+0xe00039f8>
100002d4:	f00047b7          	lui	a5,0xf0004
100002d8:	80078793          	addi	a5,a5,-2048 # f0003800 <_erodata+0xe00031f8>
100002dc:	00100713          	li	a4,1
100002e0:	00e7a023          	sw	a4,0(a5)
100002e4:	260007b7          	lui	a5,0x26000
100002e8:	0a078793          	addi	a5,a5,160 # 260000a0 <_erodata+0x15fffa98>
100002ec:	00002737          	lui	a4,0x2
100002f0:	80970713          	addi	a4,a4,-2039 # 1809 <_fstack+0x1209>
100002f4:	00e7a023          	sw	a4,0(a5)
100002f8:	260007b7          	lui	a5,0x26000
100002fc:	09c78793          	addi	a5,a5,156 # 2600009c <_erodata+0x15fffa94>
10000300:	00002737          	lui	a4,0x2
10000304:	80970713          	addi	a4,a4,-2039 # 1809 <_fstack+0x1209>
10000308:	00e7a023          	sw	a4,0(a5)
1000030c:	260007b7          	lui	a5,0x26000
10000310:	09878793          	addi	a5,a5,152 # 26000098 <_erodata+0x15fffa90>
10000314:	00002737          	lui	a4,0x2
10000318:	80970713          	addi	a4,a4,-2039 # 1809 <_fstack+0x1209>
1000031c:	00e7a023          	sw	a4,0(a5)
10000320:	260007b7          	lui	a5,0x26000
10000324:	09478793          	addi	a5,a5,148 # 26000094 <_erodata+0x15fffa8c>
10000328:	00002737          	lui	a4,0x2
1000032c:	80970713          	addi	a4,a4,-2039 # 1809 <_fstack+0x1209>
10000330:	00e7a023          	sw	a4,0(a5)
10000334:	260007b7          	lui	a5,0x26000
10000338:	09078793          	addi	a5,a5,144 # 26000090 <_erodata+0x15fffa88>
1000033c:	00002737          	lui	a4,0x2
10000340:	80970713          	addi	a4,a4,-2039 # 1809 <_fstack+0x1209>
10000344:	00e7a023          	sw	a4,0(a5)
10000348:	260007b7          	lui	a5,0x26000
1000034c:	08c78793          	addi	a5,a5,140 # 2600008c <_erodata+0x15fffa84>
10000350:	00002737          	lui	a4,0x2
10000354:	80970713          	addi	a4,a4,-2039 # 1809 <_fstack+0x1209>
10000358:	00e7a023          	sw	a4,0(a5)
1000035c:	260007b7          	lui	a5,0x26000
10000360:	08878793          	addi	a5,a5,136 # 26000088 <_erodata+0x15fffa80>
10000364:	00002737          	lui	a4,0x2
10000368:	80970713          	addi	a4,a4,-2039 # 1809 <_fstack+0x1209>
1000036c:	00e7a023          	sw	a4,0(a5)
10000370:	260007b7          	lui	a5,0x26000
10000374:	08478793          	addi	a5,a5,132 # 26000084 <_erodata+0x15fffa7c>
10000378:	00002737          	lui	a4,0x2
1000037c:	80970713          	addi	a4,a4,-2039 # 1809 <_fstack+0x1209>
10000380:	00e7a023          	sw	a4,0(a5)
10000384:	260007b7          	lui	a5,0x26000
10000388:	08078793          	addi	a5,a5,128 # 26000080 <_erodata+0x15fffa78>
1000038c:	00002737          	lui	a4,0x2
10000390:	80970713          	addi	a4,a4,-2039 # 1809 <_fstack+0x1209>
10000394:	00e7a023          	sw	a4,0(a5)
10000398:	260007b7          	lui	a5,0x26000
1000039c:	07c78793          	addi	a5,a5,124 # 2600007c <_erodata+0x15fffa74>
100003a0:	00002737          	lui	a4,0x2
100003a4:	80970713          	addi	a4,a4,-2039 # 1809 <_fstack+0x1209>
100003a8:	00e7a023          	sw	a4,0(a5)
100003ac:	260007b7          	lui	a5,0x26000
100003b0:	07878793          	addi	a5,a5,120 # 26000078 <_erodata+0x15fffa70>
100003b4:	00002737          	lui	a4,0x2
100003b8:	80970713          	addi	a4,a4,-2039 # 1809 <_fstack+0x1209>
100003bc:	00e7a023          	sw	a4,0(a5)
100003c0:	260007b7          	lui	a5,0x26000
100003c4:	07478793          	addi	a5,a5,116 # 26000074 <_erodata+0x15fffa6c>
100003c8:	00002737          	lui	a4,0x2
100003cc:	80970713          	addi	a4,a4,-2039 # 1809 <_fstack+0x1209>
100003d0:	00e7a023          	sw	a4,0(a5)
100003d4:	260007b7          	lui	a5,0x26000
100003d8:	07078793          	addi	a5,a5,112 # 26000070 <_erodata+0x15fffa68>
100003dc:	00002737          	lui	a4,0x2
100003e0:	80970713          	addi	a4,a4,-2039 # 1809 <_fstack+0x1209>
100003e4:	00e7a023          	sw	a4,0(a5)
100003e8:	260007b7          	lui	a5,0x26000
100003ec:	06c78793          	addi	a5,a5,108 # 2600006c <_erodata+0x15fffa64>
100003f0:	00002737          	lui	a4,0x2
100003f4:	80970713          	addi	a4,a4,-2039 # 1809 <_fstack+0x1209>
100003f8:	00e7a023          	sw	a4,0(a5)
100003fc:	260007b7          	lui	a5,0x26000
10000400:	06878793          	addi	a5,a5,104 # 26000068 <_erodata+0x15fffa60>
10000404:	00002737          	lui	a4,0x2
10000408:	80970713          	addi	a4,a4,-2039 # 1809 <_fstack+0x1209>
1000040c:	00e7a023          	sw	a4,0(a5)
10000410:	260007b7          	lui	a5,0x26000
10000414:	06478793          	addi	a5,a5,100 # 26000064 <_erodata+0x15fffa5c>
10000418:	00002737          	lui	a4,0x2
1000041c:	80970713          	addi	a4,a4,-2039 # 1809 <_fstack+0x1209>
10000420:	00e7a023          	sw	a4,0(a5)
10000424:	260007b7          	lui	a5,0x26000
10000428:	02478793          	addi	a5,a5,36 # 26000024 <_erodata+0x15fffa1c>
1000042c:	00002737          	lui	a4,0x2
10000430:	80870713          	addi	a4,a4,-2040 # 1808 <_fstack+0x1208>
10000434:	00e7a023          	sw	a4,0(a5)
10000438:	260007b7          	lui	a5,0x26000
1000043c:	02878793          	addi	a5,a5,40 # 26000028 <_erodata+0x15fffa20>
10000440:	00002737          	lui	a4,0x2
10000444:	80870713          	addi	a4,a4,-2040 # 1808 <_fstack+0x1208>
10000448:	00e7a023          	sw	a4,0(a5)
1000044c:	260007b7          	lui	a5,0x26000
10000450:	02c78793          	addi	a5,a5,44 # 2600002c <_erodata+0x15fffa24>
10000454:	00002737          	lui	a4,0x2
10000458:	80870713          	addi	a4,a4,-2040 # 1808 <_fstack+0x1208>
1000045c:	00e7a023          	sw	a4,0(a5)
10000460:	260007b7          	lui	a5,0x26000
10000464:	03078793          	addi	a5,a5,48 # 26000030 <_erodata+0x15fffa28>
10000468:	00002737          	lui	a4,0x2
1000046c:	80870713          	addi	a4,a4,-2040 # 1808 <_fstack+0x1208>
10000470:	00e7a023          	sw	a4,0(a5)
10000474:	260007b7          	lui	a5,0x26000
10000478:	03478793          	addi	a5,a5,52 # 26000034 <_erodata+0x15fffa2c>
1000047c:	00002737          	lui	a4,0x2
10000480:	80870713          	addi	a4,a4,-2040 # 1808 <_fstack+0x1208>
10000484:	00e7a023          	sw	a4,0(a5)
10000488:	260007b7          	lui	a5,0x26000
1000048c:	03878793          	addi	a5,a5,56 # 26000038 <_erodata+0x15fffa30>
10000490:	00002737          	lui	a4,0x2
10000494:	80870713          	addi	a4,a4,-2040 # 1808 <_fstack+0x1208>
10000498:	00e7a023          	sw	a4,0(a5)
1000049c:	260007b7          	lui	a5,0x26000
100004a0:	03c78793          	addi	a5,a5,60 # 2600003c <_erodata+0x15fffa34>
100004a4:	00002737          	lui	a4,0x2
100004a8:	80870713          	addi	a4,a4,-2040 # 1808 <_fstack+0x1208>
100004ac:	00e7a023          	sw	a4,0(a5)
100004b0:	260007b7          	lui	a5,0x26000
100004b4:	04078793          	addi	a5,a5,64 # 26000040 <_erodata+0x15fffa38>
100004b8:	00002737          	lui	a4,0x2
100004bc:	80870713          	addi	a4,a4,-2040 # 1808 <_fstack+0x1208>
100004c0:	00e7a023          	sw	a4,0(a5)
100004c4:	260007b7          	lui	a5,0x26000
100004c8:	04478793          	addi	a5,a5,68 # 26000044 <_erodata+0x15fffa3c>
100004cc:	00002737          	lui	a4,0x2
100004d0:	80870713          	addi	a4,a4,-2040 # 1808 <_fstack+0x1208>
100004d4:	00e7a023          	sw	a4,0(a5)
100004d8:	260007b7          	lui	a5,0x26000
100004dc:	04878793          	addi	a5,a5,72 # 26000048 <_erodata+0x15fffa40>
100004e0:	00002737          	lui	a4,0x2
100004e4:	80870713          	addi	a4,a4,-2040 # 1808 <_fstack+0x1208>
100004e8:	00e7a023          	sw	a4,0(a5)
100004ec:	260007b7          	lui	a5,0x26000
100004f0:	04c78793          	addi	a5,a5,76 # 2600004c <_erodata+0x15fffa44>
100004f4:	00002737          	lui	a4,0x2
100004f8:	80870713          	addi	a4,a4,-2040 # 1808 <_fstack+0x1208>
100004fc:	00e7a023          	sw	a4,0(a5)
10000500:	260007b7          	lui	a5,0x26000
10000504:	05078793          	addi	a5,a5,80 # 26000050 <_erodata+0x15fffa48>
10000508:	00002737          	lui	a4,0x2
1000050c:	80870713          	addi	a4,a4,-2040 # 1808 <_fstack+0x1208>
10000510:	00e7a023          	sw	a4,0(a5)
10000514:	260007b7          	lui	a5,0x26000
10000518:	05478793          	addi	a5,a5,84 # 26000054 <_erodata+0x15fffa4c>
1000051c:	00002737          	lui	a4,0x2
10000520:	80870713          	addi	a4,a4,-2040 # 1808 <_fstack+0x1208>
10000524:	00e7a023          	sw	a4,0(a5)
10000528:	260007b7          	lui	a5,0x26000
1000052c:	05878793          	addi	a5,a5,88 # 26000058 <_erodata+0x15fffa50>
10000530:	00002737          	lui	a4,0x2
10000534:	80870713          	addi	a4,a4,-2040 # 1808 <_fstack+0x1208>
10000538:	00e7a023          	sw	a4,0(a5)
1000053c:	260007b7          	lui	a5,0x26000
10000540:	05c78793          	addi	a5,a5,92 # 2600005c <_erodata+0x15fffa54>
10000544:	00002737          	lui	a4,0x2
10000548:	80870713          	addi	a4,a4,-2040 # 1808 <_fstack+0x1208>
1000054c:	00e7a023          	sw	a4,0(a5)
10000550:	260007b7          	lui	a5,0x26000
10000554:	06078793          	addi	a5,a5,96 # 26000060 <_erodata+0x15fffa58>
10000558:	00002737          	lui	a4,0x2
1000055c:	80870713          	addi	a4,a4,-2040 # 1808 <_fstack+0x1208>
10000560:	00e7a023          	sw	a4,0(a5)
10000564:	260007b7          	lui	a5,0x26000
10000568:	00100713          	li	a4,1
1000056c:	00e7a023          	sw	a4,0(a5) # 26000000 <_erodata+0x15fff9f8>
10000570:	00000013          	nop
10000574:	260007b7          	lui	a5,0x26000
10000578:	0007a703          	lw	a4,0(a5) # 26000000 <_erodata+0x15fff9f8>
1000057c:	00100793          	li	a5,1
10000580:	fef70ae3          	beq	a4,a5,10000574 <main+0x2b8>
10000584:	f00037b7          	lui	a5,0xf0003
10000588:	00478713          	addi	a4,a5,4 # f0003004 <_erodata+0xe00029fc>
1000058c:	00000793          	li	a5,0
10000590:	00f72023          	sw	a5,0(a4)
10000594:	f0003737          	lui	a4,0xf0003
10000598:	01470713          	addi	a4,a4,20 # f0003014 <_erodata+0xe0002a0c>
1000059c:	00f72023          	sw	a5,0(a4)
100005a0:	260007b7          	lui	a5,0x26000
100005a4:	00c78793          	addi	a5,a5,12 # 2600000c <_erodata+0x15fffa04>
100005a8:	ab600737          	lui	a4,0xab600
100005ac:	00e7a023          	sw	a4,0(a5)
100005b0:	300007b7          	lui	a5,0x30000
100005b4:	00002737          	lui	a4,0x2
100005b8:	71070713          	addi	a4,a4,1808 # 2710 <_fstack+0x2110>
100005bc:	00e7a023          	sw	a4,0(a5) # 30000000 <_erodata+0x1ffff9f8>
100005c0:	260007b7          	lui	a5,0x26000
100005c4:	00c78793          	addi	a5,a5,12 # 2600000c <_erodata+0x15fffa04>
100005c8:	ab610737          	lui	a4,0xab610
100005cc:	00e7a023          	sw	a4,0(a5)
100005d0:	300007b7          	lui	a5,0x30000
100005d4:	0007a703          	lw	a4,0(a5) # 30000000 <_erodata+0x1ffff9f8>
100005d8:	000037b7          	lui	a5,0x3
100005dc:	b3d78793          	addi	a5,a5,-1219 # 2b3d <_fstack+0x253d>
100005e0:	00f71a63          	bne	a4,a5,100005f4 <main+0x338>
100005e4:	260007b7          	lui	a5,0x26000
100005e8:	00c78793          	addi	a5,a5,12 # 2600000c <_erodata+0x15fffa04>
100005ec:	ab610737          	lui	a4,0xab610
100005f0:	00e7a023          	sw	a4,0(a5)
100005f4:	00000013          	nop
100005f8:	00c12403          	lw	s0,12(sp)
100005fc:	01010113          	addi	sp,sp,16
10000600:	00008067          	ret
