
firmware_demo.elf:     file format elf32-littleriscv


Disassembly of section .text:

10000000 <_ftext>:
10000000:	0b00006f          	j	100000b0 <crt_init>
10000004:	00000013          	nop
10000008:	00000013          	nop
1000000c:	00000013          	nop
10000010:	00000013          	nop
10000014:	00000013          	nop
10000018:	00000013          	nop
1000001c:	00000013          	nop

10000020 <trap_entry>:
10000020:	fe112e23          	sw	ra,-4(sp)
10000024:	fe512c23          	sw	t0,-8(sp)
10000028:	fe612a23          	sw	t1,-12(sp)
1000002c:	fe712823          	sw	t2,-16(sp)
10000030:	fea12623          	sw	a0,-20(sp)
10000034:	feb12423          	sw	a1,-24(sp)
10000038:	fec12223          	sw	a2,-28(sp)
1000003c:	fed12023          	sw	a3,-32(sp)
10000040:	fce12e23          	sw	a4,-36(sp)
10000044:	fcf12c23          	sw	a5,-40(sp)
10000048:	fd012a23          	sw	a6,-44(sp)
1000004c:	fd112823          	sw	a7,-48(sp)
10000050:	fdc12623          	sw	t3,-52(sp)
10000054:	fdd12423          	sw	t4,-56(sp)
10000058:	fde12223          	sw	t5,-60(sp)
1000005c:	fdf12023          	sw	t6,-64(sp)
10000060:	fc010113          	addi	sp,sp,-64
10000064:	110000ef          	jal	ra,10000174 <isr>
10000068:	03c12083          	lw	ra,60(sp)
1000006c:	03812283          	lw	t0,56(sp)
10000070:	03412303          	lw	t1,52(sp)
10000074:	03012383          	lw	t2,48(sp)
10000078:	02c12503          	lw	a0,44(sp)
1000007c:	02812583          	lw	a1,40(sp)
10000080:	02412603          	lw	a2,36(sp)
10000084:	02012683          	lw	a3,32(sp)
10000088:	01c12703          	lw	a4,28(sp)
1000008c:	01812783          	lw	a5,24(sp)
10000090:	01412803          	lw	a6,20(sp)
10000094:	01012883          	lw	a7,16(sp)
10000098:	00c12e03          	lw	t3,12(sp)
1000009c:	00812e83          	lw	t4,8(sp)
100000a0:	00412f03          	lw	t5,4(sp)
100000a4:	00012f83          	lw	t6,0(sp)
100000a8:	04010113          	addi	sp,sp,64
100000ac:	30200073          	mret

100000b0 <crt_init>:
100000b0:	60000113          	li	sp,1536
100000b4:	00000517          	auipc	a0,0x0
100000b8:	f6c50513          	addi	a0,a0,-148 # 10000020 <trap_entry>
100000bc:	30551073          	csrw	mtvec,a0

100000c0 <data_init>:
100000c0:	00000513          	li	a0,0
100000c4:	00000593          	li	a1,0
100000c8:	0000e617          	auipc	a2,0xe
100000cc:	da860613          	addi	a2,a2,-600 # 1000de70 <_erodata>

100000d0 <data_loop>:
100000d0:	00b50c63          	beq	a0,a1,100000e8 <bss_init>
100000d4:	00062683          	lw	a3,0(a2)
100000d8:	00d52023          	sw	a3,0(a0)
100000dc:	00450513          	addi	a0,a0,4
100000e0:	00460613          	addi	a2,a2,4
100000e4:	fedff06f          	j	100000d0 <data_loop>

100000e8 <bss_init>:
100000e8:	00000513          	li	a0,0
100000ec:	00800593          	li	a1,8

100000f0 <bss_loop>:
100000f0:	00b50863          	beq	a0,a1,10000100 <bss_done>
100000f4:	00052023          	sw	zero,0(a0)
100000f8:	00450513          	addi	a0,a0,4
100000fc:	ff5ff06f          	j	100000f0 <bss_loop>

10000100 <bss_done>:
10000100:	00001537          	lui	a0,0x1
10000104:	88050513          	addi	a0,a0,-1920 # 880 <_fstack+0x280>
10000108:	30451073          	csrw	mie,a0
1000010c:	34c000ef          	jal	ra,10000458 <main>

10000110 <infinit_loop>:
10000110:	0000006f          	j	10000110 <infinit_loop>

10000114 <flush_cpu_icache>:
10000114:	ff010113          	addi	sp,sp,-16
10000118:	00812623          	sw	s0,12(sp)
1000011c:	01010413          	addi	s0,sp,16
10000120:	00000013          	nop
10000124:	00c12403          	lw	s0,12(sp)
10000128:	01010113          	addi	sp,sp,16
1000012c:	00008067          	ret

10000130 <flush_cpu_dcache>:
10000130:	ff010113          	addi	sp,sp,-16
10000134:	00812623          	sw	s0,12(sp)
10000138:	01010413          	addi	s0,sp,16
1000013c:	00000013          	nop
10000140:	00c12403          	lw	s0,12(sp)
10000144:	01010113          	addi	sp,sp,16
10000148:	00008067          	ret

1000014c <irq_setmask>:
1000014c:	fe010113          	addi	sp,sp,-32
10000150:	00812e23          	sw	s0,28(sp)
10000154:	02010413          	addi	s0,sp,32
10000158:	fea42623          	sw	a0,-20(s0)
1000015c:	fec42783          	lw	a5,-20(s0)
10000160:	bc079073          	csrw	0xbc0,a5
10000164:	00000013          	nop
10000168:	01c12403          	lw	s0,28(sp)
1000016c:	02010113          	addi	sp,sp,32
10000170:	00008067          	ret

10000174 <isr>:
10000174:	ff010113          	addi	sp,sp,-16
10000178:	00112623          	sw	ra,12(sp)
1000017c:	00812423          	sw	s0,8(sp)
10000180:	01010413          	addi	s0,sp,16
10000184:	00000513          	li	a0,0
10000188:	fc5ff0ef          	jal	ra,1000014c <irq_setmask>
1000018c:	f00037b7          	lui	a5,0xf0003
10000190:	03878793          	addi	a5,a5,56 # f0003038 <_erodata+0xdfff51c8>
10000194:	00a00713          	li	a4,10
10000198:	00e7a023          	sw	a4,0(a5)
1000019c:	f00037b7          	lui	a5,0xf0003
100001a0:	03c78793          	addi	a5,a5,60 # f000303c <_erodata+0xdfff51cc>
100001a4:	00020737          	lui	a4,0x20
100001a8:	00e7a023          	sw	a4,0(a5)
100001ac:	00100713          	li	a4,1
100001b0:	00e01023          	sh	a4,0(zero) # 0 <flag>
100001b4:	00000013          	nop
100001b8:	00c12083          	lw	ra,12(sp)
100001bc:	00812403          	lw	s0,8(sp)
100001c0:	01010113          	addi	sp,sp,16
100001c4:	00008067          	ret

100001c8 <flush_cpu_icache>:
100001c8:	ff010113          	addi	sp,sp,-16
100001cc:	00812623          	sw	s0,12(sp)
100001d0:	01010413          	addi	s0,sp,16
100001d4:	00000013          	nop
100001d8:	00c12403          	lw	s0,12(sp)
100001dc:	01010113          	addi	sp,sp,16
100001e0:	00008067          	ret

100001e4 <flush_cpu_dcache>:
100001e4:	ff010113          	addi	sp,sp,-16
100001e8:	00812623          	sw	s0,12(sp)
100001ec:	01010413          	addi	s0,sp,16
100001f0:	00000013          	nop
100001f4:	00c12403          	lw	s0,12(sp)
100001f8:	01010113          	addi	sp,sp,16
100001fc:	00008067          	ret

10000200 <putchar>:
10000200:	fe010113          	addi	sp,sp,-32
10000204:	00112e23          	sw	ra,28(sp)
10000208:	00812c23          	sw	s0,24(sp)
1000020c:	02010413          	addi	s0,sp,32
10000210:	00050793          	mv	a5,a0
10000214:	fef407a3          	sb	a5,-17(s0)
10000218:	fef44703          	lbu	a4,-17(s0)
1000021c:	00a00793          	li	a5,10
10000220:	00f71663          	bne	a4,a5,1000022c <putchar+0x2c>
10000224:	00d00513          	li	a0,13
10000228:	fd9ff0ef          	jal	ra,10000200 <putchar>
1000022c:	00000013          	nop
10000230:	f00067b7          	lui	a5,0xf0006
10000234:	80478793          	addi	a5,a5,-2044 # f0005804 <_erodata+0xdfff7994>
10000238:	0007a703          	lw	a4,0(a5)
1000023c:	00100793          	li	a5,1
10000240:	fef708e3          	beq	a4,a5,10000230 <putchar+0x30>
10000244:	f00067b7          	lui	a5,0xf0006
10000248:	80078793          	addi	a5,a5,-2048 # f0005800 <_erodata+0xdfff7990>
1000024c:	fef44703          	lbu	a4,-17(s0)
10000250:	00e7a023          	sw	a4,0(a5)
10000254:	00000013          	nop
10000258:	01c12083          	lw	ra,28(sp)
1000025c:	01812403          	lw	s0,24(sp)
10000260:	02010113          	addi	sp,sp,32
10000264:	00008067          	ret

10000268 <print>:
10000268:	fe010113          	addi	sp,sp,-32
1000026c:	00112e23          	sw	ra,28(sp)
10000270:	00812c23          	sw	s0,24(sp)
10000274:	02010413          	addi	s0,sp,32
10000278:	fea42623          	sw	a0,-20(s0)
1000027c:	01c0006f          	j	10000298 <print+0x30>
10000280:	fec42783          	lw	a5,-20(s0)
10000284:	00178713          	addi	a4,a5,1
10000288:	fee42623          	sw	a4,-20(s0)
1000028c:	0007c783          	lbu	a5,0(a5)
10000290:	00078513          	mv	a0,a5
10000294:	f6dff0ef          	jal	ra,10000200 <putchar>
10000298:	fec42783          	lw	a5,-20(s0)
1000029c:	0007c783          	lbu	a5,0(a5)
100002a0:	fe0790e3          	bnez	a5,10000280 <print+0x18>
100002a4:	00000013          	nop
100002a8:	00000013          	nop
100002ac:	01c12083          	lw	ra,28(sp)
100002b0:	01812403          	lw	s0,24(sp)
100002b4:	02010113          	addi	sp,sp,32
100002b8:	00008067          	ret

100002bc <read_32bit_from_mem>:
100002bc:	fe010113          	addi	sp,sp,-32
100002c0:	00812e23          	sw	s0,28(sp)
100002c4:	02010413          	addi	s0,sp,32
100002c8:	fea42623          	sw	a0,-20(s0)
100002cc:	fec42783          	lw	a5,-20(s0)
100002d0:	0007a783          	lw	a5,0(a5)
100002d4:	00078513          	mv	a0,a5
100002d8:	01c12403          	lw	s0,28(sp)
100002dc:	02010113          	addi	sp,sp,32
100002e0:	00008067          	ret

100002e4 <read_8bit_from_mem>:
100002e4:	fe010113          	addi	sp,sp,-32
100002e8:	00812e23          	sw	s0,28(sp)
100002ec:	02010413          	addi	s0,sp,32
100002f0:	fea42623          	sw	a0,-20(s0)
100002f4:	fec42783          	lw	a5,-20(s0)
100002f8:	0007c783          	lbu	a5,0(a5)
100002fc:	0ff7f793          	zext.b	a5,a5
10000300:	00078513          	mv	a0,a5
10000304:	01c12403          	lw	s0,28(sp)
10000308:	02010113          	addi	sp,sp,32
1000030c:	00008067          	ret

10000310 <write_32_bit_to_mem>:
10000310:	fe010113          	addi	sp,sp,-32
10000314:	00812e23          	sw	s0,28(sp)
10000318:	02010413          	addi	s0,sp,32
1000031c:	fea42623          	sw	a0,-20(s0)
10000320:	feb42423          	sw	a1,-24(s0)
10000324:	fec42223          	sw	a2,-28(s0)
10000328:	fe842783          	lw	a5,-24(s0)
1000032c:	00279793          	slli	a5,a5,0x2
10000330:	fec42703          	lw	a4,-20(s0)
10000334:	00f707b3          	add	a5,a4,a5
10000338:	fe442703          	lw	a4,-28(s0)
1000033c:	00e7a023          	sw	a4,0(a5)
10000340:	00000013          	nop
10000344:	01c12403          	lw	s0,28(sp)
10000348:	02010113          	addi	sp,sp,32
1000034c:	00008067          	ret

10000350 <send_synapse_connection_to_mem.0>:
10000350:	fd010113          	addi	sp,sp,-48
10000354:	02112623          	sw	ra,44(sp)
10000358:	02812423          	sw	s0,40(sp)
1000035c:	03010413          	addi	s0,sp,48
10000360:	00050793          	mv	a5,a0
10000364:	fcb42c23          	sw	a1,-40(s0)
10000368:	fcf40fa3          	sb	a5,-33(s0)
1000036c:	fc742a23          	sw	t2,-44(s0)
10000370:	fe042623          	sw	zero,-20(s0)
10000374:	0c40006f          	j	10000438 <send_synapse_connection_to_mem.0+0xe8>
10000378:	fec42703          	lw	a4,-20(s0)
1000037c:	000307b7          	lui	a5,0x30
10000380:	00f707b3          	add	a5,a4,a5
10000384:	00c79793          	slli	a5,a5,0xc
10000388:	fef42223          	sw	a5,-28(s0)
1000038c:	fe042423          	sw	zero,-24(s0)
10000390:	0900006f          	j	10000420 <send_synapse_connection_to_mem.0+0xd0>
10000394:	fe442503          	lw	a0,-28(s0)
10000398:	fe842583          	lw	a1,-24(s0)
1000039c:	fdf44683          	lbu	a3,-33(s0)
100003a0:	100007b7          	lui	a5,0x10000
100003a4:	77078613          	addi	a2,a5,1904 # 10000770 <cores>
100003a8:	fec42783          	lw	a5,-20(s0)
100003ac:	00078713          	mv	a4,a5
100003b0:	00171713          	slli	a4,a4,0x1
100003b4:	00f70733          	add	a4,a4,a5
100003b8:	00271713          	slli	a4,a4,0x2
100003bc:	40f70733          	sub	a4,a4,a5
100003c0:	00271713          	slli	a4,a4,0x2
100003c4:	40f70733          	sub	a4,a4,a5
100003c8:	00371793          	slli	a5,a4,0x3
100003cc:	00078713          	mv	a4,a5
100003d0:	00068793          	mv	a5,a3
100003d4:	00179793          	slli	a5,a5,0x1
100003d8:	00d787b3          	add	a5,a5,a3
100003dc:	00279793          	slli	a5,a5,0x2
100003e0:	40d787b3          	sub	a5,a5,a3
100003e4:	00279793          	slli	a5,a5,0x2
100003e8:	40d787b3          	sub	a5,a5,a3
100003ec:	00679793          	slli	a5,a5,0x6
100003f0:	00f70733          	add	a4,a4,a5
100003f4:	fe842783          	lw	a5,-24(s0)
100003f8:	00f707b3          	add	a5,a4,a5
100003fc:	05878793          	addi	a5,a5,88
10000400:	00279793          	slli	a5,a5,0x2
10000404:	00f607b3          	add	a5,a2,a5
10000408:	0007a783          	lw	a5,0(a5)
1000040c:	00078613          	mv	a2,a5
10000410:	f01ff0ef          	jal	ra,10000310 <write_32_bit_to_mem>
10000414:	fe842783          	lw	a5,-24(s0)
10000418:	00178793          	addi	a5,a5,1
1000041c:	fef42423          	sw	a5,-24(s0)
10000420:	fe842703          	lw	a4,-24(s0)
10000424:	00100793          	li	a5,1
10000428:	f6e7d6e3          	bge	a5,a4,10000394 <send_synapse_connection_to_mem.0+0x44>
1000042c:	fec42783          	lw	a5,-20(s0)
10000430:	00178793          	addi	a5,a5,1
10000434:	fef42623          	sw	a5,-20(s0)
10000438:	fec42783          	lw	a5,-20(s0)
1000043c:	f2f05ee3          	blez	a5,10000378 <send_synapse_connection_to_mem.0+0x28>
10000440:	00000013          	nop
10000444:	00000013          	nop
10000448:	02c12083          	lw	ra,44(sp)
1000044c:	02812403          	lw	s0,40(sp)
10000450:	03010113          	addi	sp,sp,48
10000454:	00008067          	ret

10000458 <main>:
10000458:	fd010113          	addi	sp,sp,-48
1000045c:	02112623          	sw	ra,44(sp)
10000460:	02812423          	sw	s0,40(sp)
10000464:	03010413          	addi	s0,sp,48
10000468:	fc842e23          	sw	s0,-36(s0)
1000046c:	fdc42783          	lw	a5,-36(s0)
10000470:	fef42623          	sw	a5,-20(s0)
10000474:	f00047b7          	lui	a5,0xf0004
10000478:	00100713          	li	a4,1
1000047c:	00e7a023          	sw	a4,0(a5) # f0004000 <_erodata+0xdfff6190>
10000480:	f00047b7          	lui	a5,0xf0004
10000484:	80078793          	addi	a5,a5,-2048 # f0003800 <_erodata+0xdfff5990>
10000488:	00100713          	li	a4,1
1000048c:	00e7a023          	sw	a4,0(a5)
10000490:	260007b7          	lui	a5,0x26000
10000494:	02478793          	addi	a5,a5,36 # 26000024 <_erodata+0x15ff21b4>
10000498:	00002737          	lui	a4,0x2
1000049c:	80870713          	addi	a4,a4,-2040 # 1808 <_fstack+0x1208>
100004a0:	00e7a023          	sw	a4,0(a5)
100004a4:	260007b7          	lui	a5,0x26000
100004a8:	02878793          	addi	a5,a5,40 # 26000028 <_erodata+0x15ff21b8>
100004ac:	00002737          	lui	a4,0x2
100004b0:	80870713          	addi	a4,a4,-2040 # 1808 <_fstack+0x1208>
100004b4:	00e7a023          	sw	a4,0(a5)
100004b8:	260007b7          	lui	a5,0x26000
100004bc:	02c78793          	addi	a5,a5,44 # 2600002c <_erodata+0x15ff21bc>
100004c0:	00002737          	lui	a4,0x2
100004c4:	80870713          	addi	a4,a4,-2040 # 1808 <_fstack+0x1208>
100004c8:	00e7a023          	sw	a4,0(a5)
100004cc:	260007b7          	lui	a5,0x26000
100004d0:	03078793          	addi	a5,a5,48 # 26000030 <_erodata+0x15ff21c0>
100004d4:	00002737          	lui	a4,0x2
100004d8:	80870713          	addi	a4,a4,-2040 # 1808 <_fstack+0x1208>
100004dc:	00e7a023          	sw	a4,0(a5)
100004e0:	260007b7          	lui	a5,0x26000
100004e4:	03478793          	addi	a5,a5,52 # 26000034 <_erodata+0x15ff21c4>
100004e8:	00002737          	lui	a4,0x2
100004ec:	80870713          	addi	a4,a4,-2040 # 1808 <_fstack+0x1208>
100004f0:	00e7a023          	sw	a4,0(a5)
100004f4:	260007b7          	lui	a5,0x26000
100004f8:	03878793          	addi	a5,a5,56 # 26000038 <_erodata+0x15ff21c8>
100004fc:	00002737          	lui	a4,0x2
10000500:	80870713          	addi	a4,a4,-2040 # 1808 <_fstack+0x1208>
10000504:	00e7a023          	sw	a4,0(a5)
10000508:	260007b7          	lui	a5,0x26000
1000050c:	03c78793          	addi	a5,a5,60 # 2600003c <_erodata+0x15ff21cc>
10000510:	00002737          	lui	a4,0x2
10000514:	80870713          	addi	a4,a4,-2040 # 1808 <_fstack+0x1208>
10000518:	00e7a023          	sw	a4,0(a5)
1000051c:	260007b7          	lui	a5,0x26000
10000520:	04078793          	addi	a5,a5,64 # 26000040 <_erodata+0x15ff21d0>
10000524:	00002737          	lui	a4,0x2
10000528:	80870713          	addi	a4,a4,-2040 # 1808 <_fstack+0x1208>
1000052c:	00e7a023          	sw	a4,0(a5)
10000530:	260007b7          	lui	a5,0x26000
10000534:	04478793          	addi	a5,a5,68 # 26000044 <_erodata+0x15ff21d4>
10000538:	00002737          	lui	a4,0x2
1000053c:	80870713          	addi	a4,a4,-2040 # 1808 <_fstack+0x1208>
10000540:	00e7a023          	sw	a4,0(a5)
10000544:	260007b7          	lui	a5,0x26000
10000548:	04878793          	addi	a5,a5,72 # 26000048 <_erodata+0x15ff21d8>
1000054c:	00002737          	lui	a4,0x2
10000550:	80870713          	addi	a4,a4,-2040 # 1808 <_fstack+0x1208>
10000554:	00e7a023          	sw	a4,0(a5)
10000558:	260007b7          	lui	a5,0x26000
1000055c:	04c78793          	addi	a5,a5,76 # 2600004c <_erodata+0x15ff21dc>
10000560:	00002737          	lui	a4,0x2
10000564:	80870713          	addi	a4,a4,-2040 # 1808 <_fstack+0x1208>
10000568:	00e7a023          	sw	a4,0(a5)
1000056c:	260007b7          	lui	a5,0x26000
10000570:	05078793          	addi	a5,a5,80 # 26000050 <_erodata+0x15ff21e0>
10000574:	00002737          	lui	a4,0x2
10000578:	80870713          	addi	a4,a4,-2040 # 1808 <_fstack+0x1208>
1000057c:	00e7a023          	sw	a4,0(a5)
10000580:	260007b7          	lui	a5,0x26000
10000584:	05478793          	addi	a5,a5,84 # 26000054 <_erodata+0x15ff21e4>
10000588:	00002737          	lui	a4,0x2
1000058c:	80870713          	addi	a4,a4,-2040 # 1808 <_fstack+0x1208>
10000590:	00e7a023          	sw	a4,0(a5)
10000594:	260007b7          	lui	a5,0x26000
10000598:	05878793          	addi	a5,a5,88 # 26000058 <_erodata+0x15ff21e8>
1000059c:	00002737          	lui	a4,0x2
100005a0:	80870713          	addi	a4,a4,-2040 # 1808 <_fstack+0x1208>
100005a4:	00e7a023          	sw	a4,0(a5)
100005a8:	260007b7          	lui	a5,0x26000
100005ac:	05c78793          	addi	a5,a5,92 # 2600005c <_erodata+0x15ff21ec>
100005b0:	00002737          	lui	a4,0x2
100005b4:	80870713          	addi	a4,a4,-2040 # 1808 <_fstack+0x1208>
100005b8:	00e7a023          	sw	a4,0(a5)
100005bc:	260007b7          	lui	a5,0x26000
100005c0:	06078793          	addi	a5,a5,96 # 26000060 <_erodata+0x15ff21f0>
100005c4:	00002737          	lui	a4,0x2
100005c8:	80870713          	addi	a4,a4,-2040 # 1808 <_fstack+0x1208>
100005cc:	00e7a023          	sw	a4,0(a5)
100005d0:	260007b7          	lui	a5,0x26000
100005d4:	06478793          	addi	a5,a5,100 # 26000064 <_erodata+0x15ff21f4>
100005d8:	00002737          	lui	a4,0x2
100005dc:	80870713          	addi	a4,a4,-2040 # 1808 <_fstack+0x1208>
100005e0:	00e7a023          	sw	a4,0(a5)
100005e4:	260007b7          	lui	a5,0x26000
100005e8:	06878793          	addi	a5,a5,104 # 26000068 <_erodata+0x15ff21f8>
100005ec:	00002737          	lui	a4,0x2
100005f0:	80870713          	addi	a4,a4,-2040 # 1808 <_fstack+0x1208>
100005f4:	00e7a023          	sw	a4,0(a5)
100005f8:	260007b7          	lui	a5,0x26000
100005fc:	06c78793          	addi	a5,a5,108 # 2600006c <_erodata+0x15ff21fc>
10000600:	00002737          	lui	a4,0x2
10000604:	80870713          	addi	a4,a4,-2040 # 1808 <_fstack+0x1208>
10000608:	00e7a023          	sw	a4,0(a5)
1000060c:	260007b7          	lui	a5,0x26000
10000610:	07078793          	addi	a5,a5,112 # 26000070 <_erodata+0x15ff2200>
10000614:	00002737          	lui	a4,0x2
10000618:	80870713          	addi	a4,a4,-2040 # 1808 <_fstack+0x1208>
1000061c:	00e7a023          	sw	a4,0(a5)
10000620:	260007b7          	lui	a5,0x26000
10000624:	07478793          	addi	a5,a5,116 # 26000074 <_erodata+0x15ff2204>
10000628:	00002737          	lui	a4,0x2
1000062c:	80870713          	addi	a4,a4,-2040 # 1808 <_fstack+0x1208>
10000630:	00e7a023          	sw	a4,0(a5)
10000634:	260007b7          	lui	a5,0x26000
10000638:	07878793          	addi	a5,a5,120 # 26000078 <_erodata+0x15ff2208>
1000063c:	00002737          	lui	a4,0x2
10000640:	80870713          	addi	a4,a4,-2040 # 1808 <_fstack+0x1208>
10000644:	00e7a023          	sw	a4,0(a5)
10000648:	260007b7          	lui	a5,0x26000
1000064c:	07c78793          	addi	a5,a5,124 # 2600007c <_erodata+0x15ff220c>
10000650:	00002737          	lui	a4,0x2
10000654:	80870713          	addi	a4,a4,-2040 # 1808 <_fstack+0x1208>
10000658:	00e7a023          	sw	a4,0(a5)
1000065c:	260007b7          	lui	a5,0x26000
10000660:	08078793          	addi	a5,a5,128 # 26000080 <_erodata+0x15ff2210>
10000664:	00002737          	lui	a4,0x2
10000668:	80870713          	addi	a4,a4,-2040 # 1808 <_fstack+0x1208>
1000066c:	00e7a023          	sw	a4,0(a5)
10000670:	260007b7          	lui	a5,0x26000
10000674:	08478793          	addi	a5,a5,132 # 26000084 <_erodata+0x15ff2214>
10000678:	00002737          	lui	a4,0x2
1000067c:	80870713          	addi	a4,a4,-2040 # 1808 <_fstack+0x1208>
10000680:	00e7a023          	sw	a4,0(a5)
10000684:	260007b7          	lui	a5,0x26000
10000688:	08878793          	addi	a5,a5,136 # 26000088 <_erodata+0x15ff2218>
1000068c:	00002737          	lui	a4,0x2
10000690:	80870713          	addi	a4,a4,-2040 # 1808 <_fstack+0x1208>
10000694:	00e7a023          	sw	a4,0(a5)
10000698:	260007b7          	lui	a5,0x26000
1000069c:	08c78793          	addi	a5,a5,140 # 2600008c <_erodata+0x15ff221c>
100006a0:	00002737          	lui	a4,0x2
100006a4:	80870713          	addi	a4,a4,-2040 # 1808 <_fstack+0x1208>
100006a8:	00e7a023          	sw	a4,0(a5)
100006ac:	260007b7          	lui	a5,0x26000
100006b0:	09078793          	addi	a5,a5,144 # 26000090 <_erodata+0x15ff2220>
100006b4:	00002737          	lui	a4,0x2
100006b8:	80870713          	addi	a4,a4,-2040 # 1808 <_fstack+0x1208>
100006bc:	00e7a023          	sw	a4,0(a5)
100006c0:	260007b7          	lui	a5,0x26000
100006c4:	09478793          	addi	a5,a5,148 # 26000094 <_erodata+0x15ff2224>
100006c8:	00002737          	lui	a4,0x2
100006cc:	80870713          	addi	a4,a4,-2040 # 1808 <_fstack+0x1208>
100006d0:	00e7a023          	sw	a4,0(a5)
100006d4:	260007b7          	lui	a5,0x26000
100006d8:	09878793          	addi	a5,a5,152 # 26000098 <_erodata+0x15ff2228>
100006dc:	00002737          	lui	a4,0x2
100006e0:	80870713          	addi	a4,a4,-2040 # 1808 <_fstack+0x1208>
100006e4:	00e7a023          	sw	a4,0(a5)
100006e8:	260007b7          	lui	a5,0x26000
100006ec:	09c78793          	addi	a5,a5,156 # 2600009c <_erodata+0x15ff222c>
100006f0:	00002737          	lui	a4,0x2
100006f4:	80870713          	addi	a4,a4,-2040 # 1808 <_fstack+0x1208>
100006f8:	00e7a023          	sw	a4,0(a5)
100006fc:	260007b7          	lui	a5,0x26000
10000700:	0a078793          	addi	a5,a5,160 # 260000a0 <_erodata+0x15ff2230>
10000704:	00002737          	lui	a4,0x2
10000708:	80870713          	addi	a4,a4,-2040 # 1808 <_fstack+0x1208>
1000070c:	00e7a023          	sw	a4,0(a5)
10000710:	260007b7          	lui	a5,0x26000
10000714:	0a478793          	addi	a5,a5,164 # 260000a4 <_erodata+0x15ff2234>
10000718:	00002737          	lui	a4,0x2
1000071c:	80870713          	addi	a4,a4,-2040 # 1808 <_fstack+0x1208>
10000720:	00e7a023          	sw	a4,0(a5)
10000724:	260007b7          	lui	a5,0x26000
10000728:	00100713          	li	a4,1
1000072c:	00e7a023          	sw	a4,0(a5) # 26000000 <_erodata+0x15ff2190>
10000730:	00000013          	nop
10000734:	260007b7          	lui	a5,0x26000
10000738:	0007a703          	lw	a4,0(a5) # 26000000 <_erodata+0x15ff2190>
1000073c:	00100793          	li	a5,1
10000740:	fef70ae3          	beq	a4,a5,10000734 <main+0x2dc>
10000744:	fec40793          	addi	a5,s0,-20
10000748:	00078393          	mv	t2,a5
1000074c:	300005b7          	lui	a1,0x30000
10000750:	00000513          	li	a0,0
10000754:	bfdff0ef          	jal	ra,10000350 <send_synapse_connection_to_mem.0>
10000758:	00000013          	nop
1000075c:	02c12083          	lw	ra,44(sp)
10000760:	02812403          	lw	s0,40(sp)
10000764:	03010113          	addi	sp,sp,48
10000768:	00008067          	ret
